C:\USERS\GALLEGOSJ\DESKTOP\01_HELLOAPI\OGLES\BUILD\WINDOWSVC2010\WIN32\DEBUG\INTERMEDIATE\OGLESHELLOAPI_WINDOWS.OBJ
C:\USERS\GALLEGOSJ\DESKTOP\01_HELLOAPI\OGLES\BUILD\WINDOWSVC2010\WIN32\DEBUG\INTERMEDIATE\VC110.PDB
C:\USERS\GALLEGOSJ\DESKTOP\01_HELLOAPI\OGLES\BUILD\WINDOWSVC2010\WIN32\DEBUG\OGLESHELLOAPI.ILK
C:\USERS\GALLEGOSJ\DESKTOP\01_HELLOAPI\OGLES\BUILD\WINDOWSVC2010\WIN32\DEBUG\OGLESHELLOAPI.EXE
C:\USERS\GALLEGOSJ\DESKTOP\01_HELLOAPI\OGLES\BUILD\WINDOWSVC2010\WIN32\DEBUG\OGLESHELLOAPI.PDB
D:\projects\power-vr\01_HelloAPI\OGLES\Build\WindowsVC2010\Win32\Debug\Intermediate\OGLESHelloAPI_Windows.obj
D:\projects\power-vr\01_HelloAPI\OGLES\Build\WindowsVC2010\Win32\Debug\Intermediate\cl.command.1.tlog
D:\projects\power-vr\01_HelloAPI\OGLES\Build\WindowsVC2010\Win32\Debug\Intermediate\CL.read.1.tlog
D:\projects\power-vr\01_HelloAPI\OGLES\Build\WindowsVC2010\Win32\Debug\Intermediate\CL.write.1.tlog
D:\projects\power-vr\01_HelloAPI\OGLES\Build\WindowsVC2010\Win32\Debug\Intermediate\link-cvtres.read.1.tlog
D:\projects\power-vr\01_HelloAPI\OGLES\Build\WindowsVC2010\Win32\Debug\Intermediate\link-cvtres.write.1.tlog
D:\projects\power-vr\01_HelloAPI\OGLES\Build\WindowsVC2010\Win32\Debug\Intermediate\link-rc.read.1.tlog
D:\projects\power-vr\01_HelloAPI\OGLES\Build\WindowsVC2010\Win32\Debug\Intermediate\link-rc.write.1.tlog
D:\projects\power-vr\01_HelloAPI\OGLES\Build\WindowsVC2010\Win32\Debug\Intermediate\link.command.1.tlog
D:\projects\power-vr\01_HelloAPI\OGLES\Build\WindowsVC2010\Win32\Debug\Intermediate\link.read.1.tlog
D:\projects\power-vr\01_HelloAPI\OGLES\Build\WindowsVC2010\Win32\Debug\Intermediate\link.write.1.tlog
D:\projects\power-vr\01_HelloAPI\OGLES\Build\WindowsVC2010\Win32\Debug\Intermediate\vc110.idb
D:\projects\power-vr\01_HelloAPI\OGLES\Build\WindowsVC2010\Win32\Debug\Intermediate\vc110.pdb
D:\projects\power-vr\01_HelloAPI\OGLES\Build\WindowsVC2010\Win32\Debug\OGLESHelloAPI.pdb
D:\projects\power-vr\01_HelloAPI\OGLES\Build\WindowsVC2010\Win32\Debug\OGLESHelloAPI.exe
D:\projects\power-vr\01_HelloAPI\OGLES\Build\WindowsVC2010\Win32\Debug\OGLESHelloAPI.ilk
